<?xml version="1.0" encoding="UTF-8"?>
<!-- Generated by org.testng.reporters.JUnitReportReporter -->
<testsuite hostname="VW_PC_George" name="Test.TestFormulario" tests="1" failures="0" timestamp="9 Nov 2019 23:24:13 GMT" time="5.116" errors="0">
  <testcase name="RegistrarFormulario" time="5.116" classname="Test.TestFormulario"/>
</testsuite> <!-- Test.TestFormulario -->
